 _____ _____ _____               _ 
|     |     |     |___ ___ ___ _| |
|   --|   --| | | | . |  _| -_| . |
|_____|_____|_|_|_|  _|_| |___|___|
                  |_|              

Found 1 CUDA devices, using device #0: Quadro P6000
Total GPU RAM:     25,637,224,448
Free GPU RAM:      15,937,896,448
Needed GPU RAM:     1,599,030,776 ✓
Reweighted 254 sequences with threshold 0.8 to Beff=131.066 weight mean=0.516007, min=0.1, max=1

Will optimize 65035776 32-bit variables

iter	eval	f(x)    	║x║     	║g║     	step
1   	1   	86149.4 	83979.1 	94264656	8.06e-05
2   	1   	80719.1 	83983.9 	65844476	7.53e-05
3   	1   	75195.3 	83993.5 	49378372	8.09e-05
4   	1   	69688.6 	84010.3 	35299384	8.88e-05
5   	1   	64314.3 	84038.1 	23232208	0.00011
6   	1   	59179.8 	84085.2 	14829366	0.000159
7   	1   	54447.2 	84168.8 	9478268 	0.000259
8   	2   	51990.1 	84241.9 	6343733.5	0.000241
9   	1   	49878   	84344.1 	3783590 	0.000377
10  	2   	48891.4 	84423.7 	2555940 	0.000421
11  	2   	48415.6 	84472.5 	1890198.9	0.000397
12  	2   	48153.2 	84493.2 	1491584.4	0.000306
13  	1   	47909.8 	84501.9 	1126995 	0.000354
14  	2   	47771   	84499   	900017.19	0.000253
15  	1   	47636.2 	84488.7 	659655.12	0.000273
16  	2   	47559.1 	84479.2 	530676.31	0.000184
17  	1   	47481.6 	84467.1 	406610.06	0.000189
18  	1   	47407.3 	84452.3 	297558.03	0.000223

Done with status code 0 - Success!

Final fx = 47341.742188

xnorm = 15.592
Output can be found in T0960.ccmpred
